<?xml version="1.0" encoding="UTF-8"?>
<!-- Generated by org.testng.reporters.JUnitReportReporter -->
<testsuite hostname="HH13" failures="0" tests="5" name="starHealthScenario2.TestStarHealthPage" time="14.232" errors="0" timestamp="2024-02-02T14:59:46 IST" skipped="0">
  <testcase classname="starHealthScenario2.TestStarHealthPage" name="click_onPlans" time="1.750"/>
  <system-out/>
  <testcase classname="starHealthScenario2.TestStarHealthPage" name="click_on_option" time="4.284"/>
  <system-out/>
  <testcase classname="starHealthScenario2.TestStarHealthPage" name="enter_user_details" time="0.472"/>
  <system-out/>
  <testcase classname="starHealthScenario2.TestStarHealthPage" name="clickTwitterLogo" time="7.202"/>
  <system-out/>
  <testcase classname="starHealthScenario2.TestStarHealthPage" name="validateTwitterPage" time="0.524"/>
  <system-out/>
</testsuite> <!-- starHealthScenario2.TestStarHealthPage -->
