<?xml version="1.0" encoding="UTF-8"?>
<!-- Generated by org.testng.reporters.JUnitReportReporter -->
<testsuite hostname="HH13" failures="0" tests="2" name="starHealthScenario2.TestStarHealthLink" time="2.338" errors="0" timestamp="2024-02-02T14:59:46 IST" skipped="0">
  <testcase classname="starHealthScenario2.TestStarHealthLink" name="click_onPlans" time="2.141"/>
  <system-out/>
  <testcase classname="starHealthScenario2.TestStarHealthLink" name="click_on_option" time="0.197"/>
  <system-out/>
</testsuite> <!-- starHealthScenario2.TestStarHealthLink -->
